2024-12-27 10:26:18.411 [AWT-EventQueue-0] INFO  com.zaxxer.hikari.HikariDataSource - HikariPool-1 - Starting...
2024-12-27 10:26:18.597 [AWT-EventQueue-0] INFO  com.zaxxer.hikari.pool.HikariPool - HikariPool-1 - Added connection conn0: url=jdbc:h2:file:D:\Users\jsxzxhx\Desktop\book-tracker\data\users\default\booktracker user=SA
2024-12-27 10:26:18.598 [AWT-EventQueue-0] INFO  com.zaxxer.hikari.HikariDataSource - HikariPool-1 - Start completed.
2024-12-27 10:26:18.606 [AWT-EventQueue-0] ERROR com.booktracker.dao.DatabaseManager - 初始化数据库失败
java.lang.NullPointerException: Cannot invoke "java.io.InputStream.readAllBytes()" because the return value of "java.lang.ClassLoader.getResourceAsStream(String)" is null
	at com.booktracker.dao.DatabaseManager.initializeDatabase(DatabaseManager.java:107)
	at com.booktracker.dao.DatabaseManager.createDataSource(DatabaseManager.java:87)
	at java.base/java.util.HashMap.computeIfAbsent(HashMap.java:1220)
	at com.booktracker.dao.DatabaseManager.getOrCreateDataSource(DatabaseManager.java:68)
	at com.booktracker.dao.DatabaseManager.getConnection(DatabaseManager.java:63)
	at com.booktracker.dao.impl.BookDaoImpl.findAll(BookDaoImpl.java:70)
	at com.booktracker.service.BookService.getAllBooks(BookService.java:59)
	at com.booktracker.ui.panels.BookListPanel.refreshBookList(BookListPanel.java:165)
	at com.booktracker.ui.panels.BookListPanel.<init>(BookListPanel.java:216)
	at com.booktracker.ui.MainWindow.initializeComponents(MainWindow.java:55)
	at com.booktracker.ui.MainWindow.<init>(MainWindow.java:40)
	at com.booktracker.BookTrackerApplication.lambda$main$0(BookTrackerApplication.java:28)
	at java.desktop/java.awt.event.InvocationEvent.dispatch(InvocationEvent.java:318)
	at java.desktop/java.awt.EventQueue.dispatchEventImpl(EventQueue.java:773)
	at java.desktop/java.awt.EventQueue$4.run(EventQueue.java:720)
	at java.desktop/java.awt.EventQueue$4.run(EventQueue.java:714)
	at java.base/java.security.AccessController.doPrivileged(AccessController.java:399)
	at java.base/java.security.ProtectionDomain$JavaSecurityAccessImpl.doIntersectionPrivilege(ProtectionDomain.java:86)
	at java.desktop/java.awt.EventQueue.dispatchEvent(EventQueue.java:742)
	at java.desktop/java.awt.EventDispatchThread.pumpOneEventForFilters(EventDispatchThread.java:203)
	at java.desktop/java.awt.EventDispatchThread.pumpEventsForFilter(EventDispatchThread.java:124)
	at java.desktop/java.awt.EventDispatchThread.pumpEventsForHierarchy(EventDispatchThread.java:113)
	at java.desktop/java.awt.EventDispatchThread.pumpEvents(EventDispatchThread.java:109)
	at java.desktop/java.awt.EventDispatchThread.pumpEvents(EventDispatchThread.java:101)
	at java.desktop/java.awt.EventDispatchThread.run(EventDispatchThread.java:90)
2024-12-27 10:26:18.609 [AWT-EventQueue-0] ERROR com.booktracker.dao.DatabaseManager - 为用户创建数据源失败: default
com.booktracker.exception.BookTrackerException: 初始化数据库失败: 请检查数据库架构文件和权限
	at com.booktracker.dao.DatabaseManager.initializeDatabase(DatabaseManager.java:134)
	at com.booktracker.dao.DatabaseManager.createDataSource(DatabaseManager.java:87)
	at java.base/java.util.HashMap.computeIfAbsent(HashMap.java:1220)
	at com.booktracker.dao.DatabaseManager.getOrCreateDataSource(DatabaseManager.java:68)
	at com.booktracker.dao.DatabaseManager.getConnection(DatabaseManager.java:63)
	at com.booktracker.dao.impl.BookDaoImpl.findAll(BookDaoImpl.java:70)
	at com.booktracker.service.BookService.getAllBooks(BookService.java:59)
	at com.booktracker.ui.panels.BookListPanel.refreshBookList(BookListPanel.java:165)
	at com.booktracker.ui.panels.BookListPanel.<init>(BookListPanel.java:216)
	at com.booktracker.ui.MainWindow.initializeComponents(MainWindow.java:55)
	at com.booktracker.ui.MainWindow.<init>(MainWindow.java:40)
	at com.booktracker.BookTrackerApplication.lambda$main$0(BookTrackerApplication.java:28)
	at java.desktop/java.awt.event.InvocationEvent.dispatch(InvocationEvent.java:318)
	at java.desktop/java.awt.EventQueue.dispatchEventImpl(EventQueue.java:773)
	at java.desktop/java.awt.EventQueue$4.run(EventQueue.java:720)
	at java.desktop/java.awt.EventQueue$4.run(EventQueue.java:714)
	at java.base/java.security.AccessController.doPrivileged(AccessController.java:399)
	at java.base/java.security.ProtectionDomain$JavaSecurityAccessImpl.doIntersectionPrivilege(ProtectionDomain.java:86)
	at java.desktop/java.awt.EventQueue.dispatchEvent(EventQueue.java:742)
	at java.desktop/java.awt.EventDispatchThread.pumpOneEventForFilters(EventDispatchThread.java:203)
	at java.desktop/java.awt.EventDispatchThread.pumpEventsForFilter(EventDispatchThread.java:124)
	at java.desktop/java.awt.EventDispatchThread.pumpEventsForHierarchy(EventDispatchThread.java:113)
	at java.desktop/java.awt.EventDispatchThread.pumpEvents(EventDispatchThread.java:109)
	at java.desktop/java.awt.EventDispatchThread.pumpEvents(EventDispatchThread.java:101)
	at java.desktop/java.awt.EventDispatchThread.run(EventDispatchThread.java:90)
Caused by: java.lang.NullPointerException: Cannot invoke "java.io.InputStream.readAllBytes()" because the return value of "java.lang.ClassLoader.getResourceAsStream(String)" is null
	at com.booktracker.dao.DatabaseManager.initializeDatabase(DatabaseManager.java:107)
	... 24 common frames omitted
2024-12-27 10:26:18.609 [AWT-EventQueue-0] ERROR c.b.ui.panels.BookListPanel - 刷新图书列表失败
com.booktracker.exception.BookTrackerException: 获取所有图书列表失败
	at com.booktracker.service.BookService.getAllBooks(BookService.java:61)
	at com.booktracker.ui.panels.BookListPanel.refreshBookList(BookListPanel.java:165)
	at com.booktracker.ui.panels.BookListPanel.<init>(BookListPanel.java:216)
	at com.booktracker.ui.MainWindow.initializeComponents(MainWindow.java:55)
	at com.booktracker.ui.MainWindow.<init>(MainWindow.java:40)
	at com.booktracker.BookTrackerApplication.lambda$main$0(BookTrackerApplication.java:28)
	at java.desktop/java.awt.event.InvocationEvent.dispatch(InvocationEvent.java:318)
	at java.desktop/java.awt.EventQueue.dispatchEventImpl(EventQueue.java:773)
	at java.desktop/java.awt.EventQueue$4.run(EventQueue.java:720)
	at java.desktop/java.awt.EventQueue$4.run(EventQueue.java:714)
	at java.base/java.security.AccessController.doPrivileged(AccessController.java:399)
	at java.base/java.security.ProtectionDomain$JavaSecurityAccessImpl.doIntersectionPrivilege(ProtectionDomain.java:86)
	at java.desktop/java.awt.EventQueue.dispatchEvent(EventQueue.java:742)
	at java.desktop/java.awt.EventDispatchThread.pumpOneEventForFilters(EventDispatchThread.java:203)
	at java.desktop/java.awt.EventDispatchThread.pumpEventsForFilter(EventDispatchThread.java:124)
	at java.desktop/java.awt.EventDispatchThread.pumpEventsForHierarchy(EventDispatchThread.java:113)
	at java.desktop/java.awt.EventDispatchThread.pumpEvents(EventDispatchThread.java:109)
	at java.desktop/java.awt.EventDispatchThread.pumpEvents(EventDispatchThread.java:101)
	at java.desktop/java.awt.EventDispatchThread.run(EventDispatchThread.java:90)
Caused by: com.booktracker.exception.BookTrackerException: 为用户'default'创建数据源失败: 请检查数据库配置和权限
	at com.booktracker.dao.DatabaseManager.createDataSource(DatabaseManager.java:91)
	at java.base/java.util.HashMap.computeIfAbsent(HashMap.java:1220)
	at com.booktracker.dao.DatabaseManager.getOrCreateDataSource(DatabaseManager.java:68)
	at com.booktracker.dao.DatabaseManager.getConnection(DatabaseManager.java:63)
	at com.booktracker.dao.impl.BookDaoImpl.findAll(BookDaoImpl.java:70)
	at com.booktracker.service.BookService.getAllBooks(BookService.java:59)
	... 18 common frames omitted
Caused by: com.booktracker.exception.BookTrackerException: 初始化数据库失败: 请检查数据库架构文件和权限
	at com.booktracker.dao.DatabaseManager.initializeDatabase(DatabaseManager.java:134)
	at com.booktracker.dao.DatabaseManager.createDataSource(DatabaseManager.java:87)
	... 23 common frames omitted
Caused by: java.lang.NullPointerException: Cannot invoke "java.io.InputStream.readAllBytes()" because the return value of "java.lang.ClassLoader.getResourceAsStream(String)" is null
	at com.booktracker.dao.DatabaseManager.initializeDatabase(DatabaseManager.java:107)
	... 24 common frames omitted
2024-12-27 10:26:20.377 [AWT-EventQueue-0] ERROR com.booktracker.dao.DatabaseManager - 为用户创建数据源失败: null
java.lang.NullPointerException: Cannot invoke "String.toLowerCase()" because "username" is null
	at com.booktracker.dao.DatabaseManager.getDbPath(DatabaseManager.java:97)
	at com.booktracker.dao.DatabaseManager.createDataSource(DatabaseManager.java:73)
	at java.base/java.util.HashMap.computeIfAbsent(HashMap.java:1220)
	at com.booktracker.dao.DatabaseManager.getOrCreateDataSource(DatabaseManager.java:68)
	at com.booktracker.dao.DatabaseManager.getConnection(DatabaseManager.java:63)
	at com.booktracker.dao.impl.ReadingSessionDaoImpl.findByUserInTimeRange(ReadingSessionDaoImpl.java:70)
	at com.booktracker.service.ReadingService.getReadingSessionsInTimeRange(ReadingService.java:64)
	at com.booktracker.service.ReadingService.getTotalReadingHours(ReadingService.java:117)
	at com.booktracker.ui.panels.StatisticsPanel.refreshStatistics(StatisticsPanel.java:138)
	at com.booktracker.ui.panels.StatisticsPanel.<init>(StatisticsPanel.java:63)
	at com.booktracker.ui.MainWindow.initializeComponents(MainWindow.java:56)
	at com.booktracker.ui.MainWindow.<init>(MainWindow.java:40)
	at com.booktracker.BookTrackerApplication.lambda$main$0(BookTrackerApplication.java:28)
	at java.desktop/java.awt.event.InvocationEvent.dispatch(InvocationEvent.java:318)
	at java.desktop/java.awt.EventQueue.dispatchEventImpl(EventQueue.java:773)
	at java.desktop/java.awt.EventQueue$4.run(EventQueue.java:720)
	at java.desktop/java.awt.EventQueue$4.run(EventQueue.java:714)
	at java.base/java.security.AccessController.doPrivileged(AccessController.java:399)
	at java.base/java.security.ProtectionDomain$JavaSecurityAccessImpl.doIntersectionPrivilege(ProtectionDomain.java:86)
	at java.desktop/java.awt.EventQueue.dispatchEvent(EventQueue.java:742)
	at java.desktop/java.awt.EventDispatchThread.pumpOneEventForFilters(EventDispatchThread.java:203)
	at java.desktop/java.awt.EventDispatchThread.pumpEventsForFilter(EventDispatchThread.java:124)
	at java.desktop/java.awt.EventDispatchThread.pumpEventsForHierarchy(EventDispatchThread.java:113)
	at java.desktop/java.awt.EventDispatchThread.pumpEvents(EventDispatchThread.java:109)
	at java.desktop/java.awt.EventDispatchThread.pumpEvents(EventDispatchThread.java:101)
	at java.desktop/java.awt.EventDispatchThread.run(EventDispatchThread.java:90)
2024-12-27 10:26:20.377 [AWT-EventQueue-0] ERROR c.b.ui.panels.StatisticsPanel - 获取统计数据失败
com.booktracker.exception.BookTrackerException: 获取总阅读时间失败
	at com.booktracker.service.ReadingService.getTotalReadingHours(ReadingService.java:122)
	at com.booktracker.ui.panels.StatisticsPanel.refreshStatistics(StatisticsPanel.java:138)
	at com.booktracker.ui.panels.StatisticsPanel.<init>(StatisticsPanel.java:63)
	at com.booktracker.ui.MainWindow.initializeComponents(MainWindow.java:56)
	at com.booktracker.ui.MainWindow.<init>(MainWindow.java:40)
	at com.booktracker.BookTrackerApplication.lambda$main$0(BookTrackerApplication.java:28)
	at java.desktop/java.awt.event.InvocationEvent.dispatch(InvocationEvent.java:318)
	at java.desktop/java.awt.EventQueue.dispatchEventImpl(EventQueue.java:773)
	at java.desktop/java.awt.EventQueue$4.run(EventQueue.java:720)
	at java.desktop/java.awt.EventQueue$4.run(EventQueue.java:714)
	at java.base/java.security.AccessController.doPrivileged(AccessController.java:399)
	at java.base/java.security.ProtectionDomain$JavaSecurityAccessImpl.doIntersectionPrivilege(ProtectionDomain.java:86)
	at java.desktop/java.awt.EventQueue.dispatchEvent(EventQueue.java:742)
	at java.desktop/java.awt.EventDispatchThread.pumpOneEventForFilters(EventDispatchThread.java:203)
	at java.desktop/java.awt.EventDispatchThread.pumpEventsForFilter(EventDispatchThread.java:124)
	at java.desktop/java.awt.EventDispatchThread.pumpEventsForHierarchy(EventDispatchThread.java:113)
	at java.desktop/java.awt.EventDispatchThread.pumpEvents(EventDispatchThread.java:109)
	at java.desktop/java.awt.EventDispatchThread.pumpEvents(EventDispatchThread.java:101)
	at java.desktop/java.awt.EventDispatchThread.run(EventDispatchThread.java:90)
Caused by: com.booktracker.exception.BookTrackerException: 为用户'null'创建数据源失败: 请检查数据库配置和权限
	at com.booktracker.dao.DatabaseManager.createDataSource(DatabaseManager.java:91)
	at java.base/java.util.HashMap.computeIfAbsent(HashMap.java:1220)
	at com.booktracker.dao.DatabaseManager.getOrCreateDataSource(DatabaseManager.java:68)
	at com.booktracker.dao.DatabaseManager.getConnection(DatabaseManager.java:63)
	at com.booktracker.dao.impl.ReadingSessionDaoImpl.findByUserInTimeRange(ReadingSessionDaoImpl.java:70)
	at com.booktracker.service.ReadingService.getReadingSessionsInTimeRange(ReadingService.java:64)
	at com.booktracker.service.ReadingService.getTotalReadingHours(ReadingService.java:117)
	... 18 common frames omitted
Caused by: java.lang.NullPointerException: Cannot invoke "String.toLowerCase()" because "username" is null
	at com.booktracker.dao.DatabaseManager.getDbPath(DatabaseManager.java:97)
	at com.booktracker.dao.DatabaseManager.createDataSource(DatabaseManager.java:73)
	... 24 common frames omitted
2024-12-27 10:26:33.068 [AWT-EventQueue-0] INFO  com.zaxxer.hikari.HikariDataSource - HikariPool-2 - Starting...
2024-12-27 10:26:33.070 [AWT-EventQueue-0] INFO  com.zaxxer.hikari.pool.HikariPool - HikariPool-2 - Added connection conn5: url=jdbc:h2:file:D:\Users\jsxzxhx\Desktop\book-tracker\data\users\default\booktracker user=SA
2024-12-27 10:26:33.070 [AWT-EventQueue-0] INFO  com.zaxxer.hikari.HikariDataSource - HikariPool-2 - Start completed.
2024-12-27 10:26:33.070 [AWT-EventQueue-0] ERROR com.booktracker.dao.DatabaseManager - 初始化数据库失败
java.lang.NullPointerException: Cannot invoke "java.io.InputStream.readAllBytes()" because the return value of "java.lang.ClassLoader.getResourceAsStream(String)" is null
	at com.booktracker.dao.DatabaseManager.initializeDatabase(DatabaseManager.java:107)
	at com.booktracker.dao.DatabaseManager.createDataSource(DatabaseManager.java:87)
	at java.base/java.util.HashMap.computeIfAbsent(HashMap.java:1220)
	at com.booktracker.dao.DatabaseManager.getOrCreateDataSource(DatabaseManager.java:68)
	at com.booktracker.dao.DatabaseManager.getConnection(DatabaseManager.java:63)
	at com.booktracker.dao.impl.BookDaoImpl.create(BookDaoImpl.java:31)
	at com.booktracker.service.BookService.addBook(BookService.java:19)
	at com.booktracker.ui.panels.BookListPanel.showAddBookDialog(BookListPanel.java:44)
	at com.booktracker.ui.panels.BookListPanel.lambda$initializeComponents$0(BookListPanel.java:254)
	at java.desktop/javax.swing.AbstractButton.fireActionPerformed(AbstractButton.java:1972)
	at java.desktop/javax.swing.AbstractButton$Handler.actionPerformed(AbstractButton.java:2313)
	at java.desktop/javax.swing.DefaultButtonModel.fireActionPerformed(DefaultButtonModel.java:405)
	at java.desktop/javax.swing.DefaultButtonModel.setPressed(DefaultButtonModel.java:262)
	at java.desktop/javax.swing.plaf.basic.BasicButtonListener.mouseReleased(BasicButtonListener.java:279)
	at java.desktop/java.awt.Component.processMouseEvent(Component.java:6626)
	at java.desktop/javax.swing.JComponent.processMouseEvent(JComponent.java:3389)
	at java.desktop/java.awt.Component.processEvent(Component.java:6391)
	at java.desktop/java.awt.Container.processEvent(Container.java:2266)
	at java.desktop/java.awt.Component.dispatchEventImpl(Component.java:5001)
	at java.desktop/java.awt.Container.dispatchEventImpl(Container.java:2324)
	at java.desktop/java.awt.Component.dispatchEvent(Component.java:4833)
	at java.desktop/java.awt.LightweightDispatcher.retargetMouseEvent(Container.java:4948)
	at java.desktop/java.awt.LightweightDispatcher.processMouseEvent(Container.java:4575)
	at java.desktop/java.awt.LightweightDispatcher.dispatchEvent(Container.java:4516)
	at java.desktop/java.awt.Container.dispatchEventImpl(Container.java:2310)
	at java.desktop/java.awt.Window.dispatchEventImpl(Window.java:2780)
	at java.desktop/java.awt.Component.dispatchEvent(Component.java:4833)
	at java.desktop/java.awt.EventQueue.dispatchEventImpl(EventQueue.java:775)
	at java.desktop/java.awt.EventQueue$4.run(EventQueue.java:720)
	at java.desktop/java.awt.EventQueue$4.run(EventQueue.java:714)
	at java.base/java.security.AccessController.doPrivileged(AccessController.java:399)
	at java.base/java.security.ProtectionDomain$JavaSecurityAccessImpl.doIntersectionPrivilege(ProtectionDomain.java:86)
	at java.base/java.security.ProtectionDomain$JavaSecurityAccessImpl.doIntersectionPrivilege(ProtectionDomain.java:97)
	at java.desktop/java.awt.EventQueue$5.run(EventQueue.java:747)
	at java.desktop/java.awt.EventQueue$5.run(EventQueue.java:745)
	at java.base/java.security.AccessController.doPrivileged(AccessController.java:399)
	at java.base/java.security.ProtectionDomain$JavaSecurityAccessImpl.doIntersectionPrivilege(ProtectionDomain.java:86)
	at java.desktop/java.awt.EventQueue.dispatchEvent(EventQueue.java:744)
	at java.desktop/java.awt.EventDispatchThread.pumpOneEventForFilters(EventDispatchThread.java:203)
	at java.desktop/java.awt.EventDispatchThread.pumpEventsForFilter(EventDispatchThread.java:124)
	at java.desktop/java.awt.EventDispatchThread.pumpEventsForHierarchy(EventDispatchThread.java:113)
	at java.desktop/java.awt.EventDispatchThread.pumpEvents(EventDispatchThread.java:109)
	at java.desktop/java.awt.EventDispatchThread.pumpEvents(EventDispatchThread.java:101)
	at java.desktop/java.awt.EventDispatchThread.run(EventDispatchThread.java:90)
2024-12-27 10:26:33.071 [AWT-EventQueue-0] ERROR com.booktracker.dao.DatabaseManager - 为用户创建数据源失败: default
com.booktracker.exception.BookTrackerException: 初始化数据库失败: 请检查数据库架构文件和权限
	at com.booktracker.dao.DatabaseManager.initializeDatabase(DatabaseManager.java:134)
	at com.booktracker.dao.DatabaseManager.createDataSource(DatabaseManager.java:87)
	at java.base/java.util.HashMap.computeIfAbsent(HashMap.java:1220)
	at com.booktracker.dao.DatabaseManager.getOrCreateDataSource(DatabaseManager.java:68)
	at com.booktracker.dao.DatabaseManager.getConnection(DatabaseManager.java:63)
	at com.booktracker.dao.impl.BookDaoImpl.create(BookDaoImpl.java:31)
	at com.booktracker.service.BookService.addBook(BookService.java:19)
	at com.booktracker.ui.panels.BookListPanel.showAddBookDialog(BookListPanel.java:44)
	at com.booktracker.ui.panels.BookListPanel.lambda$initializeComponents$0(BookListPanel.java:254)
	at java.desktop/javax.swing.AbstractButton.fireActionPerformed(AbstractButton.java:1972)
	at java.desktop/javax.swing.AbstractButton$Handler.actionPerformed(AbstractButton.java:2313)
	at java.desktop/javax.swing.DefaultButtonModel.fireActionPerformed(DefaultButtonModel.java:405)
	at java.desktop/javax.swing.DefaultButtonModel.setPressed(DefaultButtonModel.java:262)
	at java.desktop/javax.swing.plaf.basic.BasicButtonListener.mouseReleased(BasicButtonListener.java:279)
	at java.desktop/java.awt.Component.processMouseEvent(Component.java:6626)
	at java.desktop/javax.swing.JComponent.processMouseEvent(JComponent.java:3389)
	at java.desktop/java.awt.Component.processEvent(Component.java:6391)
	at java.desktop/java.awt.Container.processEvent(Container.java:2266)
	at java.desktop/java.awt.Component.dispatchEventImpl(Component.java:5001)
	at java.desktop/java.awt.Container.dispatchEventImpl(Container.java:2324)
	at java.desktop/java.awt.Component.dispatchEvent(Component.java:4833)
	at java.desktop/java.awt.LightweightDispatcher.retargetMouseEvent(Container.java:4948)
	at java.desktop/java.awt.LightweightDispatcher.processMouseEvent(Container.java:4575)
	at java.desktop/java.awt.LightweightDispatcher.dispatchEvent(Container.java:4516)
	at java.desktop/java.awt.Container.dispatchEventImpl(Container.java:2310)
	at java.desktop/java.awt.Window.dispatchEventImpl(Window.java:2780)
	at java.desktop/java.awt.Component.dispatchEvent(Component.java:4833)
	at java.desktop/java.awt.EventQueue.dispatchEventImpl(EventQueue.java:775)
	at java.desktop/java.awt.EventQueue$4.run(EventQueue.java:720)
	at java.desktop/java.awt.EventQueue$4.run(EventQueue.java:714)
	at java.base/java.security.AccessController.doPrivileged(AccessController.java:399)
	at java.base/java.security.ProtectionDomain$JavaSecurityAccessImpl.doIntersectionPrivilege(ProtectionDomain.java:86)
	at java.base/java.security.ProtectionDomain$JavaSecurityAccessImpl.doIntersectionPrivilege(ProtectionDomain.java:97)
	at java.desktop/java.awt.EventQueue$5.run(EventQueue.java:747)
	at java.desktop/java.awt.EventQueue$5.run(EventQueue.java:745)
	at java.base/java.security.AccessController.doPrivileged(AccessController.java:399)
	at java.base/java.security.ProtectionDomain$JavaSecurityAccessImpl.doIntersectionPrivilege(ProtectionDomain.java:86)
	at java.desktop/java.awt.EventQueue.dispatchEvent(EventQueue.java:744)
	at java.desktop/java.awt.EventDispatchThread.pumpOneEventForFilters(EventDispatchThread.java:203)
	at java.desktop/java.awt.EventDispatchThread.pumpEventsForFilter(EventDispatchThread.java:124)
	at java.desktop/java.awt.EventDispatchThread.pumpEventsForHierarchy(EventDispatchThread.java:113)
	at java.desktop/java.awt.EventDispatchThread.pumpEvents(EventDispatchThread.java:109)
	at java.desktop/java.awt.EventDispatchThread.pumpEvents(EventDispatchThread.java:101)
	at java.desktop/java.awt.EventDispatchThread.run(EventDispatchThread.java:90)
Caused by: java.lang.NullPointerException: Cannot invoke "java.io.InputStream.readAllBytes()" because the return value of "java.lang.ClassLoader.getResourceAsStream(String)" is null
	at com.booktracker.dao.DatabaseManager.initializeDatabase(DatabaseManager.java:107)
	... 43 common frames omitted
2024-12-27 10:26:33.071 [AWT-EventQueue-0] ERROR c.b.ui.panels.BookListPanel - 添加图书失败
com.booktracker.exception.BookTrackerException: 添加图书失败: 111
	at com.booktracker.service.BookService.addBook(BookService.java:21)
	at com.booktracker.ui.panels.BookListPanel.showAddBookDialog(BookListPanel.java:44)
	at com.booktracker.ui.panels.BookListPanel.lambda$initializeComponents$0(BookListPanel.java:254)
	at java.desktop/javax.swing.AbstractButton.fireActionPerformed(AbstractButton.java:1972)
	at java.desktop/javax.swing.AbstractButton$Handler.actionPerformed(AbstractButton.java:2313)
	at java.desktop/javax.swing.DefaultButtonModel.fireActionPerformed(DefaultButtonModel.java:405)
	at java.desktop/javax.swing.DefaultButtonModel.setPressed(DefaultButtonModel.java:262)
	at java.desktop/javax.swing.plaf.basic.BasicButtonListener.mouseReleased(BasicButtonListener.java:279)
	at java.desktop/java.awt.Component.processMouseEvent(Component.java:6626)
	at java.desktop/javax.swing.JComponent.processMouseEvent(JComponent.java:3389)
	at java.desktop/java.awt.Component.processEvent(Component.java:6391)
	at java.desktop/java.awt.Container.processEvent(Container.java:2266)
	at java.desktop/java.awt.Component.dispatchEventImpl(Component.java:5001)
	at java.desktop/java.awt.Container.dispatchEventImpl(Container.java:2324)
	at java.desktop/java.awt.Component.dispatchEvent(Component.java:4833)
	at java.desktop/java.awt.LightweightDispatcher.retargetMouseEvent(Container.java:4948)
	at java.desktop/java.awt.LightweightDispatcher.processMouseEvent(Container.java:4575)
	at java.desktop/java.awt.LightweightDispatcher.dispatchEvent(Container.java:4516)
	at java.desktop/java.awt.Container.dispatchEventImpl(Container.java:2310)
	at java.desktop/java.awt.Window.dispatchEventImpl(Window.java:2780)
	at java.desktop/java.awt.Component.dispatchEvent(Component.java:4833)
	at java.desktop/java.awt.EventQueue.dispatchEventImpl(EventQueue.java:775)
	at java.desktop/java.awt.EventQueue$4.run(EventQueue.java:720)
	at java.desktop/java.awt.EventQueue$4.run(EventQueue.java:714)
	at java.base/java.security.AccessController.doPrivileged(AccessController.java:399)
	at java.base/java.security.ProtectionDomain$JavaSecurityAccessImpl.doIntersectionPrivilege(ProtectionDomain.java:86)
	at java.base/java.security.ProtectionDomain$JavaSecurityAccessImpl.doIntersectionPrivilege(ProtectionDomain.java:97)
	at java.desktop/java.awt.EventQueue$5.run(EventQueue.java:747)
	at java.desktop/java.awt.EventQueue$5.run(EventQueue.java:745)
	at java.base/java.security.AccessController.doPrivileged(AccessController.java:399)
	at java.base/java.security.ProtectionDomain$JavaSecurityAccessImpl.doIntersectionPrivilege(ProtectionDomain.java:86)
	at java.desktop/java.awt.EventQueue.dispatchEvent(EventQueue.java:744)
	at java.desktop/java.awt.EventDispatchThread.pumpOneEventForFilters(EventDispatchThread.java:203)
	at java.desktop/java.awt.EventDispatchThread.pumpEventsForFilter(EventDispatchThread.java:124)
	at java.desktop/java.awt.EventDispatchThread.pumpEventsForHierarchy(EventDispatchThread.java:113)
	at java.desktop/java.awt.EventDispatchThread.pumpEvents(EventDispatchThread.java:109)
	at java.desktop/java.awt.EventDispatchThread.pumpEvents(EventDispatchThread.java:101)
	at java.desktop/java.awt.EventDispatchThread.run(EventDispatchThread.java:90)
Caused by: com.booktracker.exception.BookTrackerException: 为用户'default'创建数据源失败: 请检查数据库配置和权限
	at com.booktracker.dao.DatabaseManager.createDataSource(DatabaseManager.java:91)
	at java.base/java.util.HashMap.computeIfAbsent(HashMap.java:1220)
	at com.booktracker.dao.DatabaseManager.getOrCreateDataSource(DatabaseManager.java:68)
	at com.booktracker.dao.DatabaseManager.getConnection(DatabaseManager.java:63)
	at com.booktracker.dao.impl.BookDaoImpl.create(BookDaoImpl.java:31)
	at com.booktracker.service.BookService.addBook(BookService.java:19)
	... 37 common frames omitted
Caused by: com.booktracker.exception.BookTrackerException: 初始化数据库失败: 请检查数据库架构文件和权限
	at com.booktracker.dao.DatabaseManager.initializeDatabase(DatabaseManager.java:134)
	at com.booktracker.dao.DatabaseManager.createDataSource(DatabaseManager.java:87)
	... 42 common frames omitted
Caused by: java.lang.NullPointerException: Cannot invoke "java.io.InputStream.readAllBytes()" because the return value of "java.lang.ClassLoader.getResourceAsStream(String)" is null
	at com.booktracker.dao.DatabaseManager.initializeDatabase(DatabaseManager.java:107)
	... 43 common frames omitted
2024-12-27 10:27:18.780 [AWT-EventQueue-0] INFO  com.zaxxer.hikari.HikariDataSource - HikariPool-1 - Starting...
2024-12-27 10:27:18.967 [AWT-EventQueue-0] INFO  com.zaxxer.hikari.pool.HikariPool - HikariPool-1 - Added connection conn0: url=jdbc:h2:file:D:\Users\jsxzxhx\Desktop\book-tracker\data\users\default\booktracker user=SA
2024-12-27 10:27:18.968 [AWT-EventQueue-0] INFO  com.zaxxer.hikari.HikariDataSource - HikariPool-1 - Start completed.
2024-12-27 10:27:18.976 [AWT-EventQueue-0] ERROR com.booktracker.dao.DatabaseManager - 初始化数据库失败
java.lang.NullPointerException: Cannot invoke "java.io.InputStream.readAllBytes()" because the return value of "java.lang.ClassLoader.getResourceAsStream(String)" is null
	at com.booktracker.dao.DatabaseManager.initializeDatabase(DatabaseManager.java:107)
	at com.booktracker.dao.DatabaseManager.createDataSource(DatabaseManager.java:87)
	at java.base/java.util.HashMap.computeIfAbsent(HashMap.java:1220)
	at com.booktracker.dao.DatabaseManager.getOrCreateDataSource(DatabaseManager.java:68)
	at com.booktracker.dao.DatabaseManager.getConnection(DatabaseManager.java:63)
	at com.booktracker.dao.impl.BookDaoImpl.findAll(BookDaoImpl.java:70)
	at com.booktracker.service.BookService.getAllBooks(BookService.java:59)
	at com.booktracker.ui.panels.BookListPanel.refreshBookList(BookListPanel.java:165)
	at com.booktracker.ui.panels.BookListPanel.<init>(BookListPanel.java:216)
	at com.booktracker.ui.MainWindow.initializeComponents(MainWindow.java:55)
	at com.booktracker.ui.MainWindow.<init>(MainWindow.java:40)
	at com.booktracker.BookTrackerApplication.lambda$main$0(BookTrackerApplication.java:28)
	at java.desktop/java.awt.event.InvocationEvent.dispatch(InvocationEvent.java:318)
	at java.desktop/java.awt.EventQueue.dispatchEventImpl(EventQueue.java:773)
	at java.desktop/java.awt.EventQueue$4.run(EventQueue.java:720)
	at java.desktop/java.awt.EventQueue$4.run(EventQueue.java:714)
	at java.base/java.security.AccessController.doPrivileged(AccessController.java:399)
	at java.base/java.security.ProtectionDomain$JavaSecurityAccessImpl.doIntersectionPrivilege(ProtectionDomain.java:86)
	at java.desktop/java.awt.EventQueue.dispatchEvent(EventQueue.java:742)
	at java.desktop/java.awt.EventDispatchThread.pumpOneEventForFilters(EventDispatchThread.java:203)
	at java.desktop/java.awt.EventDispatchThread.pumpEventsForFilter(EventDispatchThread.java:124)
	at java.desktop/java.awt.EventDispatchThread.pumpEventsForHierarchy(EventDispatchThread.java:113)
	at java.desktop/java.awt.EventDispatchThread.pumpEvents(EventDispatchThread.java:109)
	at java.desktop/java.awt.EventDispatchThread.pumpEvents(EventDispatchThread.java:101)
	at java.desktop/java.awt.EventDispatchThread.run(EventDispatchThread.java:90)
2024-12-27 10:27:18.977 [AWT-EventQueue-0] ERROR com.booktracker.dao.DatabaseManager - 为用户创建数据源失败: default
com.booktracker.exception.BookTrackerException: 初始化数据库失败: 请检查数据库架构文件和权限
	at com.booktracker.dao.DatabaseManager.initializeDatabase(DatabaseManager.java:134)
	at com.booktracker.dao.DatabaseManager.createDataSource(DatabaseManager.java:87)
	at java.base/java.util.HashMap.computeIfAbsent(HashMap.java:1220)
	at com.booktracker.dao.DatabaseManager.getOrCreateDataSource(DatabaseManager.java:68)
	at com.booktracker.dao.DatabaseManager.getConnection(DatabaseManager.java:63)
	at com.booktracker.dao.impl.BookDaoImpl.findAll(BookDaoImpl.java:70)
	at com.booktracker.service.BookService.getAllBooks(BookService.java:59)
	at com.booktracker.ui.panels.BookListPanel.refreshBookList(BookListPanel.java:165)
	at com.booktracker.ui.panels.BookListPanel.<init>(BookListPanel.java:216)
	at com.booktracker.ui.MainWindow.initializeComponents(MainWindow.java:55)
	at com.booktracker.ui.MainWindow.<init>(MainWindow.java:40)
	at com.booktracker.BookTrackerApplication.lambda$main$0(BookTrackerApplication.java:28)
	at java.desktop/java.awt.event.InvocationEvent.dispatch(InvocationEvent.java:318)
	at java.desktop/java.awt.EventQueue.dispatchEventImpl(EventQueue.java:773)
	at java.desktop/java.awt.EventQueue$4.run(EventQueue.java:720)
	at java.desktop/java.awt.EventQueue$4.run(EventQueue.java:714)
	at java.base/java.security.AccessController.doPrivileged(AccessController.java:399)
	at java.base/java.security.ProtectionDomain$JavaSecurityAccessImpl.doIntersectionPrivilege(ProtectionDomain.java:86)
	at java.desktop/java.awt.EventQueue.dispatchEvent(EventQueue.java:742)
	at java.desktop/java.awt.EventDispatchThread.pumpOneEventForFilters(EventDispatchThread.java:203)
	at java.desktop/java.awt.EventDispatchThread.pumpEventsForFilter(EventDispatchThread.java:124)
	at java.desktop/java.awt.EventDispatchThread.pumpEventsForHierarchy(EventDispatchThread.java:113)
	at java.desktop/java.awt.EventDispatchThread.pumpEvents(EventDispatchThread.java:109)
	at java.desktop/java.awt.EventDispatchThread.pumpEvents(EventDispatchThread.java:101)
	at java.desktop/java.awt.EventDispatchThread.run(EventDispatchThread.java:90)
Caused by: java.lang.NullPointerException: Cannot invoke "java.io.InputStream.readAllBytes()" because the return value of "java.lang.ClassLoader.getResourceAsStream(String)" is null
	at com.booktracker.dao.DatabaseManager.initializeDatabase(DatabaseManager.java:107)
	... 24 common frames omitted
2024-12-27 10:27:18.978 [AWT-EventQueue-0] ERROR c.b.ui.panels.BookListPanel - 刷新图书列表失败
com.booktracker.exception.BookTrackerException: 获取所有图书列表失败
	at com.booktracker.service.BookService.getAllBooks(BookService.java:61)
	at com.booktracker.ui.panels.BookListPanel.refreshBookList(BookListPanel.java:165)
	at com.booktracker.ui.panels.BookListPanel.<init>(BookListPanel.java:216)
	at com.booktracker.ui.MainWindow.initializeComponents(MainWindow.java:55)
	at com.booktracker.ui.MainWindow.<init>(MainWindow.java:40)
	at com.booktracker.BookTrackerApplication.lambda$main$0(BookTrackerApplication.java:28)
	at java.desktop/java.awt.event.InvocationEvent.dispatch(InvocationEvent.java:318)
	at java.desktop/java.awt.EventQueue.dispatchEventImpl(EventQueue.java:773)
	at java.desktop/java.awt.EventQueue$4.run(EventQueue.java:720)
	at java.desktop/java.awt.EventQueue$4.run(EventQueue.java:714)
	at java.base/java.security.AccessController.doPrivileged(AccessController.java:399)
	at java.base/java.security.ProtectionDomain$JavaSecurityAccessImpl.doIntersectionPrivilege(ProtectionDomain.java:86)
	at java.desktop/java.awt.EventQueue.dispatchEvent(EventQueue.java:742)
	at java.desktop/java.awt.EventDispatchThread.pumpOneEventForFilters(EventDispatchThread.java:203)
	at java.desktop/java.awt.EventDispatchThread.pumpEventsForFilter(EventDispatchThread.java:124)
	at java.desktop/java.awt.EventDispatchThread.pumpEventsForHierarchy(EventDispatchThread.java:113)
	at java.desktop/java.awt.EventDispatchThread.pumpEvents(EventDispatchThread.java:109)
	at java.desktop/java.awt.EventDispatchThread.pumpEvents(EventDispatchThread.java:101)
	at java.desktop/java.awt.EventDispatchThread.run(EventDispatchThread.java:90)
Caused by: com.booktracker.exception.BookTrackerException: 为用户'default'创建数据源失败: 请检查数据库配置和权限
	at com.booktracker.dao.DatabaseManager.createDataSource(DatabaseManager.java:91)
	at java.base/java.util.HashMap.computeIfAbsent(HashMap.java:1220)
	at com.booktracker.dao.DatabaseManager.getOrCreateDataSource(DatabaseManager.java:68)
	at com.booktracker.dao.DatabaseManager.getConnection(DatabaseManager.java:63)
	at com.booktracker.dao.impl.BookDaoImpl.findAll(BookDaoImpl.java:70)
	at com.booktracker.service.BookService.getAllBooks(BookService.java:59)
	... 18 common frames omitted
Caused by: com.booktracker.exception.BookTrackerException: 初始化数据库失败: 请检查数据库架构文件和权限
	at com.booktracker.dao.DatabaseManager.initializeDatabase(DatabaseManager.java:134)
	at com.booktracker.dao.DatabaseManager.createDataSource(DatabaseManager.java:87)
	... 23 common frames omitted
Caused by: java.lang.NullPointerException: Cannot invoke "java.io.InputStream.readAllBytes()" because the return value of "java.lang.ClassLoader.getResourceAsStream(String)" is null
	at com.booktracker.dao.DatabaseManager.initializeDatabase(DatabaseManager.java:107)
	... 24 common frames omitted
2024-12-27 10:27:21.798 [AWT-EventQueue-0] ERROR com.booktracker.dao.DatabaseManager - 为用户创建数据源失败: null
java.lang.NullPointerException: Cannot invoke "String.toLowerCase()" because "username" is null
	at com.booktracker.dao.DatabaseManager.getDbPath(DatabaseManager.java:97)
	at com.booktracker.dao.DatabaseManager.createDataSource(DatabaseManager.java:73)
	at java.base/java.util.HashMap.computeIfAbsent(HashMap.java:1220)
	at com.booktracker.dao.DatabaseManager.getOrCreateDataSource(DatabaseManager.java:68)
	at com.booktracker.dao.DatabaseManager.getConnection(DatabaseManager.java:63)
	at com.booktracker.dao.impl.ReadingSessionDaoImpl.findByUserInTimeRange(ReadingSessionDaoImpl.java:70)
	at com.booktracker.service.ReadingService.getReadingSessionsInTimeRange(ReadingService.java:64)
	at com.booktracker.service.ReadingService.getTotalReadingHours(ReadingService.java:117)
	at com.booktracker.ui.panels.StatisticsPanel.refreshStatistics(StatisticsPanel.java:138)
	at com.booktracker.ui.panels.StatisticsPanel.<init>(StatisticsPanel.java:63)
	at com.booktracker.ui.MainWindow.initializeComponents(MainWindow.java:56)
	at com.booktracker.ui.MainWindow.<init>(MainWindow.java:40)
	at com.booktracker.BookTrackerApplication.lambda$main$0(BookTrackerApplication.java:28)
	at java.desktop/java.awt.event.InvocationEvent.dispatch(InvocationEvent.java:318)
	at java.desktop/java.awt.EventQueue.dispatchEventImpl(EventQueue.java:773)
	at java.desktop/java.awt.EventQueue$4.run(EventQueue.java:720)
	at java.desktop/java.awt.EventQueue$4.run(EventQueue.java:714)
	at java.base/java.security.AccessController.doPrivileged(AccessController.java:399)
	at java.base/java.security.ProtectionDomain$JavaSecurityAccessImpl.doIntersectionPrivilege(ProtectionDomain.java:86)
	at java.desktop/java.awt.EventQueue.dispatchEvent(EventQueue.java:742)
	at java.desktop/java.awt.EventDispatchThread.pumpOneEventForFilters(EventDispatchThread.java:203)
	at java.desktop/java.awt.EventDispatchThread.pumpEventsForFilter(EventDispatchThread.java:124)
	at java.desktop/java.awt.EventDispatchThread.pumpEventsForHierarchy(EventDispatchThread.java:113)
	at java.desktop/java.awt.EventDispatchThread.pumpEvents(EventDispatchThread.java:109)
	at java.desktop/java.awt.EventDispatchThread.pumpEvents(EventDispatchThread.java:101)
	at java.desktop/java.awt.EventDispatchThread.run(EventDispatchThread.java:90)
2024-12-27 10:27:21.798 [AWT-EventQueue-0] ERROR c.b.ui.panels.StatisticsPanel - 获取统计数据失败
com.booktracker.exception.BookTrackerException: 获取总阅读时间失败
	at com.booktracker.service.ReadingService.getTotalReadingHours(ReadingService.java:122)
	at com.booktracker.ui.panels.StatisticsPanel.refreshStatistics(StatisticsPanel.java:138)
	at com.booktracker.ui.panels.StatisticsPanel.<init>(StatisticsPanel.java:63)
	at com.booktracker.ui.MainWindow.initializeComponents(MainWindow.java:56)
	at com.booktracker.ui.MainWindow.<init>(MainWindow.java:40)
	at com.booktracker.BookTrackerApplication.lambda$main$0(BookTrackerApplication.java:28)
	at java.desktop/java.awt.event.InvocationEvent.dispatch(InvocationEvent.java:318)
	at java.desktop/java.awt.EventQueue.dispatchEventImpl(EventQueue.java:773)
	at java.desktop/java.awt.EventQueue$4.run(EventQueue.java:720)
	at java.desktop/java.awt.EventQueue$4.run(EventQueue.java:714)
	at java.base/java.security.AccessController.doPrivileged(AccessController.java:399)
	at java.base/java.security.ProtectionDomain$JavaSecurityAccessImpl.doIntersectionPrivilege(ProtectionDomain.java:86)
	at java.desktop/java.awt.EventQueue.dispatchEvent(EventQueue.java:742)
	at java.desktop/java.awt.EventDispatchThread.pumpOneEventForFilters(EventDispatchThread.java:203)
	at java.desktop/java.awt.EventDispatchThread.pumpEventsForFilter(EventDispatchThread.java:124)
	at java.desktop/java.awt.EventDispatchThread.pumpEventsForHierarchy(EventDispatchThread.java:113)
	at java.desktop/java.awt.EventDispatchThread.pumpEvents(EventDispatchThread.java:109)
	at java.desktop/java.awt.EventDispatchThread.pumpEvents(EventDispatchThread.java:101)
	at java.desktop/java.awt.EventDispatchThread.run(EventDispatchThread.java:90)
Caused by: com.booktracker.exception.BookTrackerException: 为用户'null'创建数据源失败: 请检查数据库配置和权限
	at com.booktracker.dao.DatabaseManager.createDataSource(DatabaseManager.java:91)
	at java.base/java.util.HashMap.computeIfAbsent(HashMap.java:1220)
	at com.booktracker.dao.DatabaseManager.getOrCreateDataSource(DatabaseManager.java:68)
	at com.booktracker.dao.DatabaseManager.getConnection(DatabaseManager.java:63)
	at com.booktracker.dao.impl.ReadingSessionDaoImpl.findByUserInTimeRange(ReadingSessionDaoImpl.java:70)
	at com.booktracker.service.ReadingService.getReadingSessionsInTimeRange(ReadingService.java:64)
	at com.booktracker.service.ReadingService.getTotalReadingHours(ReadingService.java:117)
	... 18 common frames omitted
Caused by: java.lang.NullPointerException: Cannot invoke "String.toLowerCase()" because "username" is null
	at com.booktracker.dao.DatabaseManager.getDbPath(DatabaseManager.java:97)
	at com.booktracker.dao.DatabaseManager.createDataSource(DatabaseManager.java:73)
	... 24 common frames omitted
2024-12-27 10:36:13.404 [AWT-EventQueue-0] INFO  com.zaxxer.hikari.HikariDataSource - HikariPool-1 - Starting...
2024-12-27 10:36:13.589 [AWT-EventQueue-0] INFO  com.zaxxer.hikari.pool.HikariPool - HikariPool-1 - Added connection conn0: url=jdbc:h2:file:D:\Users\jsxzxhx\Desktop\book-tracker\data\users\default\booktracker user=SA
2024-12-27 10:36:13.591 [AWT-EventQueue-0] INFO  com.zaxxer.hikari.HikariDataSource - HikariPool-1 - Start completed.
2024-12-27 10:36:13.635 [AWT-EventQueue-0] ERROR c.b.ui.panels.BookListPanel - 刷新图书列表失败
com.booktracker.exception.BookTrackerException: 获取所有图书列表失败
	at com.booktracker.service.BookService.getAllBooks(BookService.java:61)
	at com.booktracker.ui.panels.BookListPanel.refreshBookList(BookListPanel.java:165)
	at com.booktracker.ui.panels.BookListPanel.<init>(BookListPanel.java:216)
	at com.booktracker.ui.MainWindow.initializeComponents(MainWindow.java:55)
	at com.booktracker.ui.MainWindow.<init>(MainWindow.java:40)
	at com.booktracker.BookTrackerApplication.lambda$main$0(BookTrackerApplication.java:28)
	at java.desktop/java.awt.event.InvocationEvent.dispatch(InvocationEvent.java:318)
	at java.desktop/java.awt.EventQueue.dispatchEventImpl(EventQueue.java:773)
	at java.desktop/java.awt.EventQueue$4.run(EventQueue.java:720)
	at java.desktop/java.awt.EventQueue$4.run(EventQueue.java:714)
	at java.base/java.security.AccessController.doPrivileged(AccessController.java:399)
	at java.base/java.security.ProtectionDomain$JavaSecurityAccessImpl.doIntersectionPrivilege(ProtectionDomain.java:86)
	at java.desktop/java.awt.EventQueue.dispatchEvent(EventQueue.java:742)
	at java.desktop/java.awt.EventDispatchThread.pumpOneEventForFilters(EventDispatchThread.java:203)
	at java.desktop/java.awt.EventDispatchThread.pumpEventsForFilter(EventDispatchThread.java:124)
	at java.desktop/java.awt.EventDispatchThread.pumpEventsForHierarchy(EventDispatchThread.java:113)
	at java.desktop/java.awt.EventDispatchThread.pumpEvents(EventDispatchThread.java:109)
	at java.desktop/java.awt.EventDispatchThread.pumpEvents(EventDispatchThread.java:101)
	at java.desktop/java.awt.EventDispatchThread.run(EventDispatchThread.java:90)
Caused by: com.booktracker.exception.BookTrackerException: 查询所有图书失败
	at com.booktracker.dao.impl.BookDaoImpl.findAll(BookDaoImpl.java:77)
	at com.booktracker.service.BookService.getAllBooks(BookService.java:59)
	... 18 common frames omitted
Caused by: org.h2.jdbc.JdbcSQLSyntaxErrorException: Column "DATE_ADDED" not found; SQL statement:
SELECT * FROM books ORDER BY date_added DESC [42122-224]
	at org.h2.message.DbException.getJdbcSQLException(DbException.java:514)
	at org.h2.message.DbException.getJdbcSQLException(DbException.java:489)
	at org.h2.message.DbException.get(DbException.java:223)
	at org.h2.message.DbException.get(DbException.java:199)
	at org.h2.expression.ExpressionColumn.getColumnException(ExpressionColumn.java:244)
	at org.h2.expression.ExpressionColumn.optimizeOther(ExpressionColumn.java:226)
	at org.h2.expression.ExpressionColumn.optimize(ExpressionColumn.java:213)
	at org.h2.command.query.Select.prepareExpressions(Select.java:1170)
	at org.h2.command.query.Query.prepare(Query.java:218)
	at org.h2.command.Parser.prepareCommand(Parser.java:489)
	at org.h2.engine.SessionLocal.prepareLocal(SessionLocal.java:639)
	at org.h2.engine.SessionLocal.prepareCommand(SessionLocal.java:559)
	at org.h2.jdbc.JdbcConnection.prepareCommand(JdbcConnection.java:1166)
	at org.h2.jdbc.JdbcStatement.executeQuery(JdbcStatement.java:94)
	at com.zaxxer.hikari.pool.ProxyStatement.executeQuery(ProxyStatement.java:110)
	at com.zaxxer.hikari.pool.HikariProxyStatement.executeQuery(HikariProxyStatement.java)
	at com.booktracker.dao.impl.BookDaoImpl.findAll(BookDaoImpl.java:72)
	... 19 common frames omitted
2024-12-27 10:36:15.125 [AWT-EventQueue-0] ERROR c.b.ui.panels.StatisticsPanel - 获取统计数据失败
com.booktracker.exception.BookTrackerException: 获取总阅读时间失败
	at com.booktracker.service.ReadingService.getTotalReadingHours(ReadingService.java:122)
	at com.booktracker.ui.panels.StatisticsPanel.refreshStatistics(StatisticsPanel.java:138)
	at com.booktracker.ui.panels.StatisticsPanel.<init>(StatisticsPanel.java:63)
	at com.booktracker.ui.MainWindow.initializeComponents(MainWindow.java:56)
	at com.booktracker.ui.MainWindow.<init>(MainWindow.java:40)
	at com.booktracker.BookTrackerApplication.lambda$main$0(BookTrackerApplication.java:28)
	at java.desktop/java.awt.event.InvocationEvent.dispatch(InvocationEvent.java:318)
	at java.desktop/java.awt.EventQueue.dispatchEventImpl(EventQueue.java:773)
	at java.desktop/java.awt.EventQueue$4.run(EventQueue.java:720)
	at java.desktop/java.awt.EventQueue$4.run(EventQueue.java:714)
	at java.base/java.security.AccessController.doPrivileged(AccessController.java:399)
	at java.base/java.security.ProtectionDomain$JavaSecurityAccessImpl.doIntersectionPrivilege(ProtectionDomain.java:86)
	at java.desktop/java.awt.EventQueue.dispatchEvent(EventQueue.java:742)
	at java.desktop/java.awt.EventDispatchThread.pumpOneEventForFilters(EventDispatchThread.java:203)
	at java.desktop/java.awt.EventDispatchThread.pumpEventsForFilter(EventDispatchThread.java:124)
	at java.desktop/java.awt.EventDispatchThread.pumpEventsForHierarchy(EventDispatchThread.java:113)
	at java.desktop/java.awt.EventDispatchThread.pumpEvents(EventDispatchThread.java:109)
	at java.desktop/java.awt.EventDispatchThread.pumpEvents(EventDispatchThread.java:101)
	at java.desktop/java.awt.EventDispatchThread.run(EventDispatchThread.java:90)
Caused by: com.booktracker.exception.BookTrackerException: 用户名不能为空
	at com.booktracker.dao.DatabaseManager.createDataSource(DatabaseManager.java:71)
	at java.base/java.util.HashMap.computeIfAbsent(HashMap.java:1220)
	at com.booktracker.dao.DatabaseManager.getOrCreateDataSource(DatabaseManager.java:66)
	at com.booktracker.dao.DatabaseManager.getConnection(DatabaseManager.java:61)
	at com.booktracker.dao.impl.ReadingSessionDaoImpl.findByUserInTimeRange(ReadingSessionDaoImpl.java:70)
	at com.booktracker.service.ReadingService.getReadingSessionsInTimeRange(ReadingService.java:64)
	at com.booktracker.service.ReadingService.getTotalReadingHours(ReadingService.java:117)
	... 18 common frames omitted
2024-12-27 10:37:03.901 [AWT-EventQueue-0] INFO  com.zaxxer.hikari.HikariDataSource - HikariPool-1 - Starting...
2024-12-27 10:37:04.124 [AWT-EventQueue-0] INFO  com.zaxxer.hikari.pool.HikariPool - HikariPool-1 - Added connection conn0: url=jdbc:h2:file:D:\Users\jsxzxhx\Desktop\book-tracker\data\users\default\booktracker user=SA
2024-12-27 10:37:04.125 [AWT-EventQueue-0] INFO  com.zaxxer.hikari.HikariDataSource - HikariPool-1 - Start completed.
2024-12-27 10:37:04.149 [AWT-EventQueue-0] ERROR c.b.ui.panels.BookListPanel - 刷新图书列表失败
com.booktracker.exception.BookTrackerException: 获取所有图书列表失败
	at com.booktracker.service.BookService.getAllBooks(BookService.java:61)
	at com.booktracker.ui.panels.BookListPanel.refreshBookList(BookListPanel.java:165)
	at com.booktracker.ui.panels.BookListPanel.<init>(BookListPanel.java:216)
	at com.booktracker.ui.MainWindow.initializeComponents(MainWindow.java:55)
	at com.booktracker.ui.MainWindow.<init>(MainWindow.java:40)
	at com.booktracker.BookTrackerApplication.lambda$main$0(BookTrackerApplication.java:28)
	at java.desktop/java.awt.event.InvocationEvent.dispatch(InvocationEvent.java:318)
	at java.desktop/java.awt.EventQueue.dispatchEventImpl(EventQueue.java:773)
	at java.desktop/java.awt.EventQueue$4.run(EventQueue.java:720)
	at java.desktop/java.awt.EventQueue$4.run(EventQueue.java:714)
	at java.base/java.security.AccessController.doPrivileged(AccessController.java:399)
	at java.base/java.security.ProtectionDomain$JavaSecurityAccessImpl.doIntersectionPrivilege(ProtectionDomain.java:86)
	at java.desktop/java.awt.EventQueue.dispatchEvent(EventQueue.java:742)
	at java.desktop/java.awt.EventDispatchThread.pumpOneEventForFilters(EventDispatchThread.java:203)
	at java.desktop/java.awt.EventDispatchThread.pumpEventsForFilter(EventDispatchThread.java:124)
	at java.desktop/java.awt.EventDispatchThread.pumpEventsForHierarchy(EventDispatchThread.java:113)
	at java.desktop/java.awt.EventDispatchThread.pumpEvents(EventDispatchThread.java:109)
	at java.desktop/java.awt.EventDispatchThread.pumpEvents(EventDispatchThread.java:101)
	at java.desktop/java.awt.EventDispatchThread.run(EventDispatchThread.java:90)
Caused by: com.booktracker.exception.BookTrackerException: 查询所有图书失败
	at com.booktracker.dao.impl.BookDaoImpl.findAll(BookDaoImpl.java:77)
	at com.booktracker.service.BookService.getAllBooks(BookService.java:59)
	... 18 common frames omitted
Caused by: org.h2.jdbc.JdbcSQLSyntaxErrorException: Column "DATE_ADDED" not found; SQL statement:
SELECT * FROM books ORDER BY date_added DESC [42122-224]
	at org.h2.message.DbException.getJdbcSQLException(DbException.java:514)
	at org.h2.message.DbException.getJdbcSQLException(DbException.java:489)
	at org.h2.message.DbException.get(DbException.java:223)
	at org.h2.message.DbException.get(DbException.java:199)
	at org.h2.expression.ExpressionColumn.getColumnException(ExpressionColumn.java:244)
	at org.h2.expression.ExpressionColumn.optimizeOther(ExpressionColumn.java:226)
	at org.h2.expression.ExpressionColumn.optimize(ExpressionColumn.java:213)
	at org.h2.command.query.Select.prepareExpressions(Select.java:1170)
	at org.h2.command.query.Query.prepare(Query.java:218)
	at org.h2.command.Parser.prepareCommand(Parser.java:489)
	at org.h2.engine.SessionLocal.prepareLocal(SessionLocal.java:639)
	at org.h2.engine.SessionLocal.prepareCommand(SessionLocal.java:559)
	at org.h2.jdbc.JdbcConnection.prepareCommand(JdbcConnection.java:1166)
	at org.h2.jdbc.JdbcStatement.executeQuery(JdbcStatement.java:94)
	at com.zaxxer.hikari.pool.ProxyStatement.executeQuery(ProxyStatement.java:110)
	at com.zaxxer.hikari.pool.HikariProxyStatement.executeQuery(HikariProxyStatement.java)
	at com.booktracker.dao.impl.BookDaoImpl.findAll(BookDaoImpl.java:72)
	... 19 common frames omitted
2024-12-27 10:37:05.549 [AWT-EventQueue-0] ERROR c.b.ui.panels.StatisticsPanel - 获取统计数据失败
com.booktracker.exception.BookTrackerException: 获取总阅读时间失败
	at com.booktracker.service.ReadingService.getTotalReadingHours(ReadingService.java:122)
	at com.booktracker.ui.panels.StatisticsPanel.refreshStatistics(StatisticsPanel.java:138)
	at com.booktracker.ui.panels.StatisticsPanel.<init>(StatisticsPanel.java:63)
	at com.booktracker.ui.MainWindow.initializeComponents(MainWindow.java:56)
	at com.booktracker.ui.MainWindow.<init>(MainWindow.java:40)
	at com.booktracker.BookTrackerApplication.lambda$main$0(BookTrackerApplication.java:28)
	at java.desktop/java.awt.event.InvocationEvent.dispatch(InvocationEvent.java:318)
	at java.desktop/java.awt.EventQueue.dispatchEventImpl(EventQueue.java:773)
	at java.desktop/java.awt.EventQueue$4.run(EventQueue.java:720)
	at java.desktop/java.awt.EventQueue$4.run(EventQueue.java:714)
	at java.base/java.security.AccessController.doPrivileged(AccessController.java:399)
	at java.base/java.security.ProtectionDomain$JavaSecurityAccessImpl.doIntersectionPrivilege(ProtectionDomain.java:86)
	at java.desktop/java.awt.EventQueue.dispatchEvent(EventQueue.java:742)
	at java.desktop/java.awt.EventDispatchThread.pumpOneEventForFilters(EventDispatchThread.java:203)
	at java.desktop/java.awt.EventDispatchThread.pumpEventsForFilter(EventDispatchThread.java:124)
	at java.desktop/java.awt.EventDispatchThread.pumpEventsForHierarchy(EventDispatchThread.java:113)
	at java.desktop/java.awt.EventDispatchThread.pumpEvents(EventDispatchThread.java:109)
	at java.desktop/java.awt.EventDispatchThread.pumpEvents(EventDispatchThread.java:101)
	at java.desktop/java.awt.EventDispatchThread.run(EventDispatchThread.java:90)
Caused by: com.booktracker.exception.BookTrackerException: 用户名不能为空
	at com.booktracker.dao.DatabaseManager.createDataSource(DatabaseManager.java:71)
	at java.base/java.util.HashMap.computeIfAbsent(HashMap.java:1220)
	at com.booktracker.dao.DatabaseManager.getOrCreateDataSource(DatabaseManager.java:66)
	at com.booktracker.dao.DatabaseManager.getConnection(DatabaseManager.java:61)
	at com.booktracker.dao.impl.ReadingSessionDaoImpl.findByUserInTimeRange(ReadingSessionDaoImpl.java:70)
	at com.booktracker.service.ReadingService.getReadingSessionsInTimeRange(ReadingService.java:64)
	at com.booktracker.service.ReadingService.getTotalReadingHours(ReadingService.java:117)
	... 18 common frames omitted
2024-12-27 10:37:12.723 [AWT-EventQueue-0] ERROR c.b.ui.panels.BookListPanel - 添加图书失败
com.booktracker.exception.BookTrackerException: 添加图书失败: 11
	at com.booktracker.service.BookService.addBook(BookService.java:21)
	at com.booktracker.ui.panels.BookListPanel.showAddBookDialog(BookListPanel.java:44)
	at com.booktracker.ui.panels.BookListPanel.lambda$initializeComponents$0(BookListPanel.java:254)
	at java.desktop/javax.swing.AbstractButton.fireActionPerformed(AbstractButton.java:1972)
	at java.desktop/javax.swing.AbstractButton$Handler.actionPerformed(AbstractButton.java:2313)
	at java.desktop/javax.swing.DefaultButtonModel.fireActionPerformed(DefaultButtonModel.java:405)
	at java.desktop/javax.swing.DefaultButtonModel.setPressed(DefaultButtonModel.java:262)
	at java.desktop/javax.swing.plaf.basic.BasicButtonListener.mouseReleased(BasicButtonListener.java:279)
	at java.desktop/java.awt.Component.processMouseEvent(Component.java:6626)
	at java.desktop/javax.swing.JComponent.processMouseEvent(JComponent.java:3389)
	at java.desktop/java.awt.Component.processEvent(Component.java:6391)
	at java.desktop/java.awt.Container.processEvent(Container.java:2266)
	at java.desktop/java.awt.Component.dispatchEventImpl(Component.java:5001)
	at java.desktop/java.awt.Container.dispatchEventImpl(Container.java:2324)
	at java.desktop/java.awt.Component.dispatchEvent(Component.java:4833)
	at java.desktop/java.awt.LightweightDispatcher.retargetMouseEvent(Container.java:4948)
	at java.desktop/java.awt.LightweightDispatcher.processMouseEvent(Container.java:4575)
	at java.desktop/java.awt.LightweightDispatcher.dispatchEvent(Container.java:4516)
	at java.desktop/java.awt.Container.dispatchEventImpl(Container.java:2310)
	at java.desktop/java.awt.Window.dispatchEventImpl(Window.java:2780)
	at java.desktop/java.awt.Component.dispatchEvent(Component.java:4833)
	at java.desktop/java.awt.EventQueue.dispatchEventImpl(EventQueue.java:775)
	at java.desktop/java.awt.EventQueue$4.run(EventQueue.java:720)
	at java.desktop/java.awt.EventQueue$4.run(EventQueue.java:714)
	at java.base/java.security.AccessController.doPrivileged(AccessController.java:399)
	at java.base/java.security.ProtectionDomain$JavaSecurityAccessImpl.doIntersectionPrivilege(ProtectionDomain.java:86)
	at java.base/java.security.ProtectionDomain$JavaSecurityAccessImpl.doIntersectionPrivilege(ProtectionDomain.java:97)
	at java.desktop/java.awt.EventQueue$5.run(EventQueue.java:747)
	at java.desktop/java.awt.EventQueue$5.run(EventQueue.java:745)
	at java.base/java.security.AccessController.doPrivileged(AccessController.java:399)
	at java.base/java.security.ProtectionDomain$JavaSecurityAccessImpl.doIntersectionPrivilege(ProtectionDomain.java:86)
	at java.desktop/java.awt.EventQueue.dispatchEvent(EventQueue.java:744)
	at java.desktop/java.awt.EventDispatchThread.pumpOneEventForFilters(EventDispatchThread.java:203)
	at java.desktop/java.awt.EventDispatchThread.pumpEventsForFilter(EventDispatchThread.java:124)
	at java.desktop/java.awt.EventDispatchThread.pumpEventsForHierarchy(EventDispatchThread.java:113)
	at java.desktop/java.awt.EventDispatchThread.pumpEvents(EventDispatchThread.java:109)
	at java.desktop/java.awt.EventDispatchThread.pumpEvents(EventDispatchThread.java:101)
	at java.desktop/java.awt.EventDispatchThread.run(EventDispatchThread.java:90)
Caused by: com.booktracker.exception.BookTrackerException: 创建图书记录失败
	at com.booktracker.dao.impl.BookDaoImpl.create(BookDaoImpl.java:45)
	at com.booktracker.service.BookService.addBook(BookService.java:19)
	... 37 common frames omitted
Caused by: org.h2.jdbc.JdbcSQLSyntaxErrorException: Column "DATE_ADDED" not found; SQL statement:
INSERT INTO books (title, author, total_pages, date_added) VALUES (?, ?, ?, ?) [42122-224]
	at org.h2.message.DbException.getJdbcSQLException(DbException.java:514)
	at org.h2.message.DbException.getJdbcSQLException(DbException.java:489)
	at org.h2.message.DbException.get(DbException.java:223)
	at org.h2.message.DbException.get(DbException.java:199)
	at org.h2.table.Table.getColumn(Table.java:759)
	at org.h2.command.Parser.parseColumn(Parser.java:1190)
	at org.h2.command.Parser.parseColumnList(Parser.java:1175)
	at org.h2.command.Parser.parseInsert(Parser.java:1549)
	at org.h2.command.Parser.parsePrepared(Parser.java:719)
	at org.h2.command.Parser.parse(Parser.java:592)
	at org.h2.command.Parser.parse(Parser.java:564)
	at org.h2.command.Parser.prepareCommand(Parser.java:483)
	at org.h2.engine.SessionLocal.prepareLocal(SessionLocal.java:639)
	at org.h2.engine.SessionLocal.prepareCommand(SessionLocal.java:559)
	at org.h2.jdbc.JdbcConnection.prepareCommand(JdbcConnection.java:1166)
	at org.h2.jdbc.JdbcPreparedStatement.<init>(JdbcPreparedStatement.java:93)
	at org.h2.jdbc.JdbcConnection.prepareStatement(JdbcConnection.java:1094)
	at com.zaxxer.hikari.pool.ProxyConnection.prepareStatement(ProxyConnection.java:335)
	at com.zaxxer.hikari.pool.HikariProxyConnection.prepareStatement(HikariProxyConnection.java)
	at com.booktracker.dao.impl.BookDaoImpl.create(BookDaoImpl.java:32)
	... 38 common frames omitted
2024-12-27 10:43:58.963 [AWT-EventQueue-0] INFO  com.zaxxer.hikari.HikariDataSource - HikariPool-1 - Starting...
2024-12-27 10:43:59.203 [AWT-EventQueue-0] INFO  com.zaxxer.hikari.pool.HikariPool - HikariPool-1 - Added connection conn0: url=jdbc:h2:file:D:\Users\jsxzxhx\Desktop\book-tracker\data\users\default\booktracker user=SA
2024-12-27 10:43:59.205 [AWT-EventQueue-0] INFO  com.zaxxer.hikari.HikariDataSource - HikariPool-1 - Start completed.
2024-12-27 10:43:59.312 [AWT-EventQueue-0] ERROR c.b.ui.panels.StatisticsPanel - 获取统计数据失败
com.booktracker.exception.BookTrackerException: 获取总阅读时间失败
	at com.booktracker.service.ReadingService.getTotalReadingHours(ReadingService.java:122)
	at com.booktracker.ui.panels.StatisticsPanel.refreshStatistics(StatisticsPanel.java:138)
	at com.booktracker.ui.panels.StatisticsPanel.<init>(StatisticsPanel.java:63)
	at com.booktracker.ui.MainWindow.initializeComponents(MainWindow.java:56)
	at com.booktracker.ui.MainWindow.<init>(MainWindow.java:40)
	at com.booktracker.BookTrackerApplication.lambda$main$0(BookTrackerApplication.java:28)
	at java.desktop/java.awt.event.InvocationEvent.dispatch(InvocationEvent.java:318)
	at java.desktop/java.awt.EventQueue.dispatchEventImpl(EventQueue.java:773)
	at java.desktop/java.awt.EventQueue$4.run(EventQueue.java:720)
	at java.desktop/java.awt.EventQueue$4.run(EventQueue.java:714)
	at java.base/java.security.AccessController.doPrivileged(AccessController.java:399)
	at java.base/java.security.ProtectionDomain$JavaSecurityAccessImpl.doIntersectionPrivilege(ProtectionDomain.java:86)
	at java.desktop/java.awt.EventQueue.dispatchEvent(EventQueue.java:742)
	at java.desktop/java.awt.EventDispatchThread.pumpOneEventForFilters(EventDispatchThread.java:203)
	at java.desktop/java.awt.EventDispatchThread.pumpEventsForFilter(EventDispatchThread.java:124)
	at java.desktop/java.awt.EventDispatchThread.pumpEventsForHierarchy(EventDispatchThread.java:113)
	at java.desktop/java.awt.EventDispatchThread.pumpEvents(EventDispatchThread.java:109)
	at java.desktop/java.awt.EventDispatchThread.pumpEvents(EventDispatchThread.java:101)
	at java.desktop/java.awt.EventDispatchThread.run(EventDispatchThread.java:90)
Caused by: com.booktracker.exception.BookTrackerException: 用户名不能为空
	at com.booktracker.dao.DatabaseManager.createDataSource(DatabaseManager.java:71)
	at java.base/java.util.HashMap.computeIfAbsent(HashMap.java:1220)
	at com.booktracker.dao.DatabaseManager.getOrCreateDataSource(DatabaseManager.java:66)
	at com.booktracker.dao.DatabaseManager.getConnection(DatabaseManager.java:61)
	at com.booktracker.dao.impl.ReadingSessionDaoImpl.findByUserInTimeRange(ReadingSessionDaoImpl.java:70)
	at com.booktracker.service.ReadingService.getReadingSessionsInTimeRange(ReadingService.java:64)
	at com.booktracker.service.ReadingService.getTotalReadingHours(ReadingService.java:117)
	... 18 common frames omitted
2024-12-27 11:04:29.327 [AWT-EventQueue-0] INFO  com.zaxxer.hikari.HikariDataSource - HikariPool-1 - Starting...
2024-12-27 11:04:29.527 [AWT-EventQueue-0] INFO  com.zaxxer.hikari.pool.HikariPool - HikariPool-1 - Added connection conn0: url=jdbc:h2:file:D:\Users\jsxzxhx\Desktop\book-tracker\data\users\default\booktracker user=SA
2024-12-27 11:04:29.528 [AWT-EventQueue-0] INFO  com.zaxxer.hikari.HikariDataSource - HikariPool-1 - Start completed.
2024-12-27 11:04:29.590 [AWT-EventQueue-0] ERROR c.b.ui.panels.StatisticsPanel - 获取统计数据失败
com.booktracker.exception.BookTrackerException: 获取总阅读时间失败
	at com.booktracker.service.ReadingService.getTotalReadingHours(ReadingService.java:151)
	at com.booktracker.ui.panels.StatisticsPanel.refreshStatistics(StatisticsPanel.java:109)
	at com.booktracker.ui.panels.StatisticsPanel.<init>(StatisticsPanel.java:34)
	at com.booktracker.ui.MainWindow.initializeComponents(MainWindow.java:56)
	at com.booktracker.ui.MainWindow.<init>(MainWindow.java:40)
	at com.booktracker.BookTrackerApplication.lambda$main$0(BookTrackerApplication.java:28)
	at java.desktop/java.awt.event.InvocationEvent.dispatch(InvocationEvent.java:318)
	at java.desktop/java.awt.EventQueue.dispatchEventImpl(EventQueue.java:773)
	at java.desktop/java.awt.EventQueue$4.run(EventQueue.java:720)
	at java.desktop/java.awt.EventQueue$4.run(EventQueue.java:714)
	at java.base/java.security.AccessController.doPrivileged(AccessController.java:399)
	at java.base/java.security.ProtectionDomain$JavaSecurityAccessImpl.doIntersectionPrivilege(ProtectionDomain.java:86)
	at java.desktop/java.awt.EventQueue.dispatchEvent(EventQueue.java:742)
	at java.desktop/java.awt.EventDispatchThread.pumpOneEventForFilters(EventDispatchThread.java:203)
	at java.desktop/java.awt.EventDispatchThread.pumpEventsForFilter(EventDispatchThread.java:124)
	at java.desktop/java.awt.EventDispatchThread.pumpEventsForHierarchy(EventDispatchThread.java:113)
	at java.desktop/java.awt.EventDispatchThread.pumpEvents(EventDispatchThread.java:109)
	at java.desktop/java.awt.EventDispatchThread.pumpEvents(EventDispatchThread.java:101)
	at java.desktop/java.awt.EventDispatchThread.run(EventDispatchThread.java:90)
Caused by: com.booktracker.exception.BookTrackerException: 获取时间范围内的阅读记录失败
	at com.booktracker.service.ReadingService.getReadingSessionsInTimeRange(ReadingService.java:82)
	at com.booktracker.service.ReadingService.getTotalReadingHours(ReadingService.java:146)
	... 18 common frames omitted
Caused by: com.booktracker.exception.BookTrackerException: 用户名不能为空
	at com.booktracker.dao.DatabaseManager.createDataSource(DatabaseManager.java:71)
	at java.base/java.util.HashMap.computeIfAbsent(HashMap.java:1220)
	at com.booktracker.dao.DatabaseManager.getOrCreateDataSource(DatabaseManager.java:66)
	at com.booktracker.dao.DatabaseManager.getConnection(DatabaseManager.java:61)
	at com.booktracker.dao.impl.ReadingSessionDaoImpl.findByUserInTimeRange(ReadingSessionDaoImpl.java:70)
	at com.booktracker.service.ReadingService.getReadingSessionsInTimeRange(ReadingService.java:80)
	... 19 common frames omitted
